  [1m[35m (167.6ms)[0m  [1m[35mCREATE DATABASE "music_app_development" ENCODING = 'unicode'[0m
  [1m[35m (90.9ms)[0m  [1m[35mCREATE DATABASE "music_app_test" ENCODING = 'unicode'[0m
  [1m[35m (13.9ms)[0m  [1m[35mCREATE TABLE "schema_migrations" ("version" character varying NOT NULL PRIMARY KEY)[0m
  [1m[35m (7.8ms)[0m  [1m[35mCREATE TABLE "ar_internal_metadata" ("key" character varying NOT NULL PRIMARY KEY, "value" character varying, "created_at" timestamp(6) NOT NULL, "updated_at" timestamp(6) NOT NULL)[0m
  [1m[35m (0.3ms)[0m  [1m[34mSELECT pg_try_advisory_lock(4505726345591715405)[0m
  [1m[36mActiveRecord::SchemaMigration Pluck (0.4ms)[0m  [1m[34mSELECT "schema_migrations"."version" FROM "schema_migrations" ORDER BY "schema_migrations"."version" ASC[0m
Migrating to CreateUsers (20221115185657)
  [1m[36mTRANSACTION (0.2ms)[0m  [1m[35mBEGIN[0m
  [1m[35m (11.2ms)[0m  [1m[35mCREATE TABLE "users" ("id" bigserial primary key, "username" character varying NOT NULL, "password_digest" character varying NOT NULL, "session_token" character varying, "created_at" timestamp(6) NOT NULL, "updated_at" timestamp(6) NOT NULL)[0m
  [1m[35m (5.0ms)[0m  [1m[35mCREATE UNIQUE INDEX "index_users_on_username" ON "users" ("username")[0m
  [1m[35m (4.4ms)[0m  [1m[35mCREATE UNIQUE INDEX "index_users_on_session_token" ON "users" ("session_token")[0m
  [1m[36mActiveRecord::SchemaMigration Create (0.9ms)[0m  [1m[32mINSERT INTO "schema_migrations" ("version") VALUES ($1) RETURNING "version"[0m  [["version", "20221115185657"]]
  [1m[36mTRANSACTION (2.4ms)[0m  [1m[35mCOMMIT[0m
  [1m[36mActiveRecord::InternalMetadata Load (0.4ms)[0m  [1m[34mSELECT "ar_internal_metadata".* FROM "ar_internal_metadata" WHERE "ar_internal_metadata"."key" = $1 LIMIT $2[0m  [["key", "environment"], ["LIMIT", 1]]
  [1m[36mTRANSACTION (0.3ms)[0m  [1m[35mBEGIN[0m
  [1m[36mActiveRecord::InternalMetadata Create (0.9ms)[0m  [1m[32mINSERT INTO "ar_internal_metadata" ("key", "value", "created_at", "updated_at") VALUES ($1, $2, $3, $4) RETURNING "key"[0m  [["key", "environment"], ["value", "development"], ["created_at", "2022-11-15 19:01:33.545538"], ["updated_at", "2022-11-15 19:01:33.545538"]]
  [1m[36mTRANSACTION (1.6ms)[0m  [1m[35mCOMMIT[0m
  [1m[35m (0.5ms)[0m  [1m[34mSELECT pg_advisory_unlock(4505726345591715405)[0m
  [1m[36mActiveRecord::SchemaMigration Pluck (0.6ms)[0m  [1m[34mSELECT "schema_migrations"."version" FROM "schema_migrations" ORDER BY "schema_migrations"."version" ASC[0m
  [1m[35m (0.3ms)[0m  [1m[34mSELECT pg_try_advisory_lock(4505726345591715405)[0m
  [1m[36mActiveRecord::SchemaMigration Pluck (0.6ms)[0m  [1m[34mSELECT "schema_migrations"."version" FROM "schema_migrations" ORDER BY "schema_migrations"."version" ASC[0m
Migrating to ChangeEmailColnUsers (20221115190228)
  [1m[36mTRANSACTION (0.2ms)[0m  [1m[35mBEGIN[0m
  [1m[35m (0.5ms)[0m  [1m[35mALTER TABLE "users" RENAME COLUMN "username" TO "email"[0m
  [1m[35m (0.4ms)[0m  [1m[35mALTER INDEX "index_users_on_username" RENAME TO "index_users_on_email"[0m
  [1m[36mActiveRecord::SchemaMigration Create (0.4ms)[0m  [1m[32mINSERT INTO "schema_migrations" ("version") VALUES ($1) RETURNING "version"[0m  [["version", "20221115190228"]]
  [1m[36mTRANSACTION (2.5ms)[0m  [1m[35mCOMMIT[0m
  [1m[36mActiveRecord::InternalMetadata Load (0.5ms)[0m  [1m[34mSELECT "ar_internal_metadata".* FROM "ar_internal_metadata" WHERE "ar_internal_metadata"."key" = $1 LIMIT $2[0m  [["key", "environment"], ["LIMIT", 1]]
  [1m[35m (1.5ms)[0m  [1m[34mSELECT pg_advisory_unlock(4505726345591715405)[0m
  [1m[36mActiveRecord::SchemaMigration Pluck (0.7ms)[0m  [1m[34mSELECT "schema_migrations"."version" FROM "schema_migrations" ORDER BY "schema_migrations"."version" ASC[0m
  [1m[36mActiveRecord::SchemaMigration Pluck (0.4ms)[0m  [1m[34mSELECT "schema_migrations"."version" FROM "schema_migrations" ORDER BY "schema_migrations"."version" ASC[0m
Started GET "/" for ::1 at 2022-11-15 14:19:52 -0800
  [1m[36mActiveRecord::SchemaMigration Pluck (1.6ms)[0m  [1m[34mSELECT "schema_migrations"."version" FROM "schema_migrations" ORDER BY "schema_migrations"."version" ASC[0m
Processing by Rails::WelcomeController#index as HTML
  Rendering /home/ptrckchoi/.rbenv/versions/3.1.1/lib/ruby/gems/3.1.0/gems/railties-7.0.4/lib/rails/templates/rails/welcome/index.html.erb
  Rendered /home/ptrckchoi/.rbenv/versions/3.1.1/lib/ruby/gems/3.1.0/gems/railties-7.0.4/lib/rails/templates/rails/welcome/index.html.erb (Duration: 2.2ms | Allocations: 580)
Completed 200 OK in 14ms (Views: 6.8ms | ActiveRecord: 0.0ms | Allocations: 3084)


Started GET "/users" for ::1 at 2022-11-15 14:19:59 -0800
  
ActionController::RoutingError (No route matches [GET] "/users"):
  
Started GET "/user" for ::1 at 2022-11-15 14:20:03 -0800
  
ActionController::RoutingError (No route matches [GET] "/user"):
  
Started GET "/user/new" for ::1 at 2022-11-15 14:20:23 -0800
  
ActionController::RoutingError (No route matches [GET] "/user/new"):
  
Started GET "/users/new" for ::1 at 2022-11-15 14:20:30 -0800

SyntaxError - syntax error, unexpected end-of-input, expecting `end':
  app/controllers/users_controller.rb:24:in `'

Started POST "/__better_errors/7227373542c8f3a7/variables" for ::1 at 2022-11-15 14:20:30 -0800
Started GET "/users/new" for ::1 at 2022-11-15 14:20:49 -0800
Processing by UsersController#new as HTML
Completed 500 Internal Server Error in 1ms (ActiveRecord: 0.0ms | Allocations: 725)



SyntaxError - syntax error, unexpected end-of-input, expecting `end':
  app/models/user.rb:50:in `'
  app/controllers/users_controller.rb:3:in `new'

Started POST "/__better_errors/103f9e9a9d27d067/variables" for ::1 at 2022-11-15 14:20:49 -0800
Started GET "/users/new" for ::1 at 2022-11-15 14:21:15 -0800
Processing by UsersController#new as HTML
Completed 500 Internal Server Error in 3ms (ActiveRecord: 0.0ms | Allocations: 1465)



ArgumentError - You need to supply at least one validation:
  app/models/user.rb:18:in `<class:User>'
  app/models/user.rb:12:in `<top (required)>'
  app/controllers/users_controller.rb:3:in `new'

Started POST "/__better_errors/63078bcc420bfca2/variables" for ::1 at 2022-11-15 14:21:15 -0800
Started GET "/users/new" for ::1 at 2022-11-15 14:21:57 -0800
Processing by UsersController#new as HTML
  Rendering layout layouts/application.html.erb
  Rendering users/new.html.erb within layouts/application
  Rendered users/new.html.erb within layouts/application (Duration: 1.5ms | Allocations: 181)
  Rendered layout layouts/application.html.erb (Duration: 21.7ms | Allocations: 6545)
Completed 200 OK in 54ms (Views: 24.0ms | ActiveRecord: 13.1ms | Allocations: 13154)


Started GET "/users/new" for ::1 at 2022-11-15 14:54:58 -0800
Processing by UsersController#new as HTML
  Rendering layout layouts/application.html.erb
  Rendering users/new.html.erb within layouts/application
  Rendered users/new.html.erb within layouts/application (Duration: 1.0ms | Allocations: 174)
  Rendered layout layouts/application.html.erb (Duration: 10.4ms | Allocations: 1720)
Completed 200 OK in 56ms (Views: 13.3ms | ActiveRecord: 15.9ms | Allocations: 7852)


Started GET "/users/users_url?user%5Bemail%5D=walterwhite%40gmail.com&user%5Bpassword%5D=[FILTERED]" for ::1 at 2022-11-15 14:55:40 -0800
Processing by UsersController#show as HTML
  Parameters: {"user"=>{"email"=>"walterwhite@gmail.com", "password"=>"[FILTERED]"}, "id"=>"users_url"}
  [1m[36mUser Load (21.4ms)[0m  [1m[34mSELECT "users".* FROM "users" WHERE (users_url) LIMIT $1[0m  [["LIMIT", 1]]
  ↳ app/controllers/users_controller.rb:17:in `show'
Completed 500 Internal Server Error in 40ms (ActiveRecord: 21.4ms | Allocations: 3046)



ActiveRecord::StatementInvalid - PG::UndefinedColumn: ERROR:  column "users_url" does not exist
LINE 1: SELECT "users".* FROM "users" WHERE (users_url) LIMIT $1
                                             ^:
  app/controllers/users_controller.rb:17:in `show'

Started POST "/__better_errors/f65a184a9457d7b3/variables" for ::1 at 2022-11-15 14:55:40 -0800
Started POST "/__better_errors/f65a184a9457d7b3/variables" for ::1 at 2022-11-15 14:55:43 -0800
Started GET "/users/new" for ::1 at 2022-11-15 14:55:44 -0800
Processing by UsersController#new as HTML
  Rendering layout layouts/application.html.erb
  Rendering users/new.html.erb within layouts/application
  Rendered users/new.html.erb within layouts/application (Duration: 3.7ms | Allocations: 175)
  Rendered layout layouts/application.html.erb (Duration: 20.7ms | Allocations: 1700)
Completed 200 OK in 34ms (Views: 33.5ms | ActiveRecord: 0.0ms | Allocations: 2462)


Started GET "/users/users_url?user%5Bemail%5D=walterwhite%40gmail.com&user%5Bpassword%5D=[FILTERED]" for ::1 at 2022-11-15 14:55:49 -0800
Processing by UsersController#show as HTML
  Parameters: {"user"=>{"email"=>"walterwhite@gmail.com", "password"=>"[FILTERED]"}, "id"=>"users_url"}
  [1m[36mUser Load (5.3ms)[0m  [1m[34mSELECT "users".* FROM "users" WHERE (users_url) LIMIT $1[0m  [["LIMIT", 1]]
  ↳ app/controllers/users_controller.rb:17:in `show'
Completed 500 Internal Server Error in 12ms (ActiveRecord: 5.3ms | Allocations: 2059)



ActiveRecord::StatementInvalid - PG::UndefinedColumn: ERROR:  column "users_url" does not exist
LINE 1: SELECT "users".* FROM "users" WHERE (users_url) LIMIT $1
                                             ^:
  app/controllers/users_controller.rb:17:in `show'

Started POST "/__better_errors/8bf9bfc79a4cda0e/variables" for ::1 at 2022-11-15 14:55:49 -0800
Started GET "/users/users_url?user%5Bemail%5D=walterwhite%40gmail.com&user%5Bpassword%5D=[FILTERED]" for ::1 at 2022-11-15 14:57:04 -0800
Processing by UsersController#show as HTML
  Parameters: {"user"=>{"email"=>"walterwhite@gmail.com", "password"=>"[FILTERED]"}, "id"=>"users_url"}
  [1m[36mUser Load (7.5ms)[0m  [1m[34mSELECT "users".* FROM "users" WHERE (users_url) LIMIT $1[0m  [["LIMIT", 1]]
  ↳ app/controllers/users_controller.rb:17:in `show'
Completed 500 Internal Server Error in 21ms (ActiveRecord: 7.5ms | Allocations: 3220)



ActiveRecord::StatementInvalid - PG::UndefinedColumn: ERROR:  column "users_url" does not exist
LINE 1: SELECT "users".* FROM "users" WHERE (users_url) LIMIT $1
                                             ^:
  app/controllers/users_controller.rb:17:in `show'

Started POST "/__better_errors/160003b4357ac13e/variables" for ::1 at 2022-11-15 14:57:04 -0800
Started GET "/users/users_url?user%5Bemail%5D=walterwhite%40gmail.com&user%5Bpassword%5D=[FILTERED]" for ::1 at 2022-11-15 14:57:42 -0800
Processing by UsersController#show as HTML
  Parameters: {"user"=>{"email"=>"walterwhite@gmail.com", "password"=>"[FILTERED]"}, "id"=>"users_url"}
  [1m[36mUser Load (1.4ms)[0m  [1m[34mSELECT "users".* FROM "users" WHERE "users"."id" = $1 LIMIT $2[0m  [["id", nil], ["LIMIT", 1]]
  ↳ app/controllers/users_controller.rb:17:in `show'
Completed 500 Internal Server Error in 29ms (ActiveRecord: 9.3ms | Allocations: 6528)



ActionView::MissingTemplate - Missing template http://localhost:3000/users/users_url with {:locale=>[:en], :formats=>[:html], :variants=>[], :handlers=>[:raw, :erb, :html, :builder, :ruby]}.
Searched in:
  * "/home/ptrckchoi/AppAcademy/w7d2/music_app/app/views"
Did you mean?  users/new
               sessions/new
               layouts/application:
  app/controllers/users_controller.rb:18:in `show'

Started POST "/__better_errors/ab57441b508417d9/variables" for ::1 at 2022-11-15 14:57:43 -0800
Started GET "/users/users_url?user%5Bemail%5D=walterwhite%40gmail.com&user%5Bpassword%5D=[FILTERED]" for ::1 at 2022-11-15 14:59:29 -0800
Processing by UsersController#show as HTML
  Parameters: {"user"=>{"email"=>"walterwhite@gmail.com", "password"=>"[FILTERED]"}, "id"=>"users_url"}
  [1m[36mUser Load (0.7ms)[0m  [1m[34mSELECT "users".* FROM "users" WHERE "users"."id" = $1 LIMIT $2[0m  [["id", nil], ["LIMIT", 1]]
  ↳ app/controllers/users_controller.rb:17:in `show'
Completed 500 Internal Server Error in 18ms (ActiveRecord: 3.2ms | Allocations: 4233)



ActionView::MissingTemplate - Missing template users/show, application/show with {:locale=>[:en], :formats=>[:html], :variants=>[], :handlers=>[:raw, :erb, :html, :builder, :ruby]}.
Searched in:
  * "/home/ptrckchoi/AppAcademy/w7d2/music_app/app/views"
Did you mean?  users/new
               sessions/new
               layouts/application:
  app/controllers/users_controller.rb:18:in `show'

Started POST "/__better_errors/e1877bf678ba8143/variables" for ::1 at 2022-11-15 14:59:29 -0800
Started GET "/users/users_url?user%5Bemail%5D=walterwhite%40gmail.com&user%5Bpassword%5D=[FILTERED]" for ::1 at 2022-11-15 15:05:32 -0800
Processing by UsersController#show as HTML
  Parameters: {"user"=>{"email"=>"walterwhite@gmail.com", "password"=>"[FILTERED]"}, "id"=>"users_url"}
  [1m[36mUser Load (0.6ms)[0m  [1m[34mSELECT "users".* FROM "users" WHERE "users"."id" = $1 LIMIT $2[0m  [["id", nil], ["LIMIT", 1]]
  ↳ app/controllers/users_controller.rb:17:in `show'
  Rendering layout layouts/application.html.erb
  Rendering users/show.html.erb within layouts/application
  Rendered users/show.html.erb within layouts/application (Duration: 3.1ms | Allocations: 2294)
  Rendered layout layouts/application.html.erb (Duration: 3.5ms | Allocations: 2382)
Completed 500 Internal Server Error in 28ms (ActiveRecord: 8.0ms | Allocations: 8828)



NoMethodError - undefined method `email' for nil:NilClass
            @virtual_path = "users/show";;@output_buffer.safe_append='<h2>Welcome '.freeze;@output_buffer.append=( @user.email );@output_buffer.safe_append='</h2>'.freeze;
                                                                                                                        ^^^^^^:
  app/views/users/show.html.erb:1
  app/controllers/users_controller.rb:18:in `show'

Started POST "/__better_errors/c2d7484f4440739f/variables" for ::1 at 2022-11-15 15:05:32 -0800
Started GET "/users/users_url?user%5Bemail%5D=walterwhite%40gmail.com&user%5Bpassword%5D=[FILTERED]" for ::1 at 2022-11-15 15:07:21 -0800
Processing by UsersController#show as HTML
  Parameters: {"user"=>{"email"=>"walterwhite@gmail.com", "password"=>"[FILTERED]"}, "id"=>"users_url"}
  [1m[36mUser Load (0.8ms)[0m  [1m[34mSELECT "users".* FROM "users" WHERE "users"."email" = $1 LIMIT $2[0m  [["email", "walterwhite@gmail.com"], ["LIMIT", 1]]
  ↳ app/controllers/users_controller.rb:17:in `show'
  Rendering layout layouts/application.html.erb
  Rendering users/show.html.erb within layouts/application
  Rendered users/show.html.erb within layouts/application (Duration: 4.1ms | Allocations: 2106)
  Rendered layout layouts/application.html.erb (Duration: 5.6ms | Allocations: 2194)
Completed 500 Internal Server Error in 30ms (ActiveRecord: 8.4ms | Allocations: 5035)



NoMethodError - undefined method `email' for nil:NilClass
            @virtual_path = "users/show";;@output_buffer.safe_append='<h2>Welcome '.freeze;@output_buffer.append=( @user.email );@output_buffer.safe_append='</h2>'.freeze;
                                                                                                                        ^^^^^^:
  app/views/users/show.html.erb:1
  app/controllers/users_controller.rb:18:in `show'

Started POST "/__better_errors/e7081395df9a6145/variables" for ::1 at 2022-11-15 15:07:21 -0800
Started GET "/users/users_url?user%5Bemail%5D=walterwhite%40gmail.com&user%5Bpassword%5D=[FILTERED]" for ::1 at 2022-11-15 15:08:48 -0800

SyntaxError - syntax error, unexpected ')', expecting =>
...(email:, params[:user][:email])#User.find_by(id: params[:id])
...                              ^:
  app/controllers/users_controller.rb:17:in `'

Started POST "/__better_errors/67438c3afb807682/variables" for ::1 at 2022-11-15 15:08:49 -0800
Started GET "/users/users_url?user%5Bemail%5D=walterwhite%40gmail.com&user%5Bpassword%5D=[FILTERED]" for ::1 at 2022-11-15 15:08:56 -0800
Processing by UsersController#show as HTML
  Parameters: {"user"=>{"email"=>"walterwhite@gmail.com", "password"=>"[FILTERED]"}, "id"=>"users_url"}
  [1m[36mUser Load (1.1ms)[0m  [1m[34mSELECT "users".* FROM "users" WHERE "users"."email" = $1 LIMIT $2[0m  [["email", "walterwhite@gmail.com"], ["LIMIT", 1]]
  ↳ app/controllers/users_controller.rb:17:in `show'
  Rendering layout layouts/application.html.erb
  Rendering users/show.html.erb within layouts/application
  Rendered users/show.html.erb within layouts/application (Duration: 5.8ms | Allocations: 2106)
  Rendered layout layouts/application.html.erb (Duration: 7.3ms | Allocations: 2194)
Completed 500 Internal Server Error in 34ms (ActiveRecord: 5.3ms | Allocations: 4989)



NoMethodError - undefined method `email' for nil:NilClass
            @virtual_path = "users/show";;@output_buffer.safe_append='<h2>Welcome '.freeze;@output_buffer.append=( @user.email );@output_buffer.safe_append='</h2>'.freeze;
                                                                                                                        ^^^^^^:
  app/views/users/show.html.erb:1
  app/controllers/users_controller.rb:18:in `show'

Started POST "/__better_errors/f921ed3294b776d6/variables" for ::1 at 2022-11-15 15:08:57 -0800
Started GET "/users/users_url?user%5Bemail%5D=walterwhite%40gmail.com&user%5Bpassword%5D=[FILTERED]" for ::1 at 2022-11-15 15:09:41 -0800
Processing by UsersController#show as HTML
  Parameters: {"user"=>{"email"=>"walterwhite@gmail.com", "password"=>"[FILTERED]"}, "id"=>"users_url"}
  [1m[36mUser Load (0.4ms)[0m  [1m[34mSELECT "users".* FROM "users" WHERE "users"."email" = $1 LIMIT $2[0m  [["email", "walterwhite@gmail.com"], ["LIMIT", 1]]
  ↳ app/controllers/users_controller.rb:17:in `show'
Completed 500 Internal Server Error in 11ms (ActiveRecord: 2.3ms | Allocations: 3648)



ActionView::MissingTemplate - Missing template http://localhost:3000/users/users_url with {:locale=>[:en], :formats=>[:html], :variants=>[], :handlers=>[:raw, :erb, :html, :builder, :ruby]}.
Searched in:
  * "/home/ptrckchoi/AppAcademy/w7d2/music_app/app/views"
Did you mean?  users/new
               users/show
               sessions/new
               layouts/application:
  app/controllers/users_controller.rb:18:in `show'

Started POST "/__better_errors/cf54948048653353/variables" for ::1 at 2022-11-15 15:09:41 -0800
Started GET "/users/users_url?user%5Bemail%5D=walterwhite%40gmail.com&user%5Bpassword%5D=[FILTERED]" for ::1 at 2022-11-15 15:09:57 -0800
Processing by UsersController#show as HTML
  Parameters: {"user"=>{"email"=>"walterwhite@gmail.com", "password"=>"[FILTERED]"}, "id"=>"users_url"}
  [1m[36mUser Load (1.0ms)[0m  [1m[34mSELECT "users".* FROM "users" WHERE "users"."email" = $1 LIMIT $2[0m  [["email", "walterwhite@gmail.com"], ["LIMIT", 1]]
  ↳ app/controllers/users_controller.rb:17:in `show'
  Rendering layout layouts/application.html.erb
  Rendering users/show.html.erb within layouts/application
  Rendered users/show.html.erb within layouts/application (Duration: 6.7ms | Allocations: 2107)
  Rendered layout layouts/application.html.erb (Duration: 8.1ms | Allocations: 2195)
Completed 500 Internal Server Error in 34ms (ActiveRecord: 4.4ms | Allocations: 4993)



NoMethodError - undefined method `email' for nil:NilClass
            @virtual_path = "users/show";;@output_buffer.safe_append='<h2>Welcome '.freeze;@output_buffer.append=( @user.email );@output_buffer.safe_append='</h2>'.freeze;
                                                                                                                        ^^^^^^:
  app/views/users/show.html.erb:1
  app/controllers/users_controller.rb:18:in `show'

Started POST "/__better_errors/7c790f0adff680e9/variables" for ::1 at 2022-11-15 15:09:58 -0800
Started GET "/users/users_url?user%5Bemail%5D=walterwhite%40gmail.com&user%5Bpassword%5D=[FILTERED]" for ::1 at 2022-11-15 15:12:17 -0800
Processing by UsersController#show as HTML
  Parameters: {"user"=>{"email"=>"walterwhite@gmail.com", "password"=>"[FILTERED]"}, "id"=>"users_url"}
  [1m[36mUser Load (1.2ms)[0m  [1m[34mSELECT "users".* FROM "users" WHERE "users"."email" = $1 LIMIT $2[0m  [["email", "walterwhite@gmail.com"], ["LIMIT", 1]]
  ↳ app/controllers/users_controller.rb:17:in `show'
  Rendering layout layouts/application.html.erb
  Rendering users/show.html.erb within layouts/application
  Rendered users/show.html.erb within layouts/application (Duration: 7.2ms | Allocations: 2317)
  Rendered layout layouts/application.html.erb (Duration: 9.9ms | Allocations: 2405)
Completed 500 Internal Server Error in 24ms (ActiveRecord: 1.2ms | Allocations: 3689)



NoMethodError - undefined method `email' for nil:NilClass
            @virtual_path = "users/show";;@output_buffer.safe_append='<h2>Welcome '.freeze;@output_buffer.append=( @user.email );@output_buffer.safe_append='</h2>
                                                                                                                        ^^^^^^:
  app/views/users/show.html.erb:1
  app/controllers/users_controller.rb:18:in `show'

Started POST "/__better_errors/ff1975939a44fbe7/variables" for ::1 at 2022-11-15 15:12:17 -0800
Started GET "/users/users_url?user%5Bemail%5D=walterwhite%40gmail.com&user%5Bpassword%5D=[FILTERED]" for ::1 at 2022-11-15 15:14:14 -0800
Processing by UsersController#show as HTML
  Parameters: {"user"=>{"email"=>"walterwhite@gmail.com", "password"=>"[FILTERED]"}, "id"=>"users_url"}
  [1m[36mUser Load (2.0ms)[0m  [1m[34mSELECT "users".* FROM "users" WHERE "users"."email" = $1 LIMIT $2[0m  [["email", "walterwhite@gmail.com"], ["LIMIT", 1]]
  ↳ app/controllers/users_controller.rb:17:in `show'
  Rendering layout layouts/application.html.erb
  Rendering users/show.html.erb within layouts/application
  Rendered users/show.html.erb within layouts/application (Duration: 10.6ms | Allocations: 2290)
  Rendered layout layouts/application.html.erb (Duration: 12.2ms | Allocations: 2378)
Completed 500 Internal Server Error in 43ms (ActiveRecord: 2.0ms | Allocations: 3663)



NoMethodError - undefined method `email' for nil:NilClass
            @virtual_path = "users/show";;@output_buffer.safe_append='<h2>Welcome '.freeze;@output_buffer.append=( @user.email );@output_buffer.safe_append='</h2>
                                                                                                                        ^^^^^^:
  app/views/users/show.html.erb:1
  app/controllers/users_controller.rb:18:in `show'

Started POST "/__better_errors/a7c26e62b486fec9/variables" for ::1 at 2022-11-15 15:14:14 -0800
Started GET "/users/new" for ::1 at 2022-11-15 15:14:50 -0800
Processing by UsersController#new as HTML
  Rendering layout layouts/application.html.erb
  Rendering users/new.html.erb within layouts/application
  Rendered users/new.html.erb within layouts/application (Duration: 1.8ms | Allocations: 167)
  Rendered layout layouts/application.html.erb (Duration: 17.0ms | Allocations: 1694)
Completed 200 OK in 37ms (Views: 19.4ms | ActiveRecord: 8.5ms | Allocations: 3451)


Started GET "/users/users_url?user%5Bemail%5D=diego&user%5Bpassword%5D=[FILTERED]" for ::1 at 2022-11-15 15:14:58 -0800
Processing by UsersController#show as HTML
  Parameters: {"user"=>{"email"=>"diego", "password"=>"[FILTERED]"}, "id"=>"users_url"}
  [1m[36mUser Load (0.4ms)[0m  [1m[34mSELECT "users".* FROM "users" WHERE "users"."email" = $1 LIMIT $2[0m  [["email", "diego"], ["LIMIT", 1]]
  ↳ app/controllers/users_controller.rb:17:in `show'
  Rendering layout layouts/application.html.erb
  Rendering users/show.html.erb within layouts/application
  Rendered users/show.html.erb within layouts/application (Duration: 2.7ms | Allocations: 2153)
  Rendered layout layouts/application.html.erb (Duration: 3.1ms | Allocations: 2232)
Completed 500 Internal Server Error in 8ms (ActiveRecord: 0.4ms | Allocations: 2967)



NoMethodError - undefined method `email' for nil:NilClass
            @virtual_path = "users/show";;@output_buffer.safe_append='<h2>Welcome '.freeze;@output_buffer.append=( @user.email );@output_buffer.safe_append='</h2>
                                                                                                                        ^^^^^^:
  app/views/users/show.html.erb:1
  app/controllers/users_controller.rb:18:in `show'

Started POST "/__better_errors/c50b3b10a1fe3961/variables" for ::1 at 2022-11-15 15:14:59 -0800
Started POST "/__better_errors/c50b3b10a1fe3961/variables" for ::1 at 2022-11-15 15:16:35 -0800
Started GET "/users/users_url?user%5Bemail%5D=diego&user%5Bpassword%5D=[FILTERED]" for ::1 at 2022-11-15 15:17:11 -0800
Processing by UsersController#show as HTML
  Parameters: {"user"=>{"email"=>"diego", "password"=>"[FILTERED]"}, "id"=>"users_url"}
  [1m[36mUser Load (0.3ms)[0m  [1m[34mSELECT "users".* FROM "users" WHERE "users"."email" = $1 LIMIT $2[0m  [["email", "diego"], ["LIMIT", 1]]
  ↳ app/controllers/users_controller.rb:17:in `show'
  Rendering layout layouts/application.html.erb
  Rendering users/show.html.erb within layouts/application
  Rendered users/show.html.erb within layouts/application (Duration: 3.3ms | Allocations: 2242)
  Rendered layout layouts/application.html.erb (Duration: 3.7ms | Allocations: 2330)
Completed 500 Internal Server Error in 17ms (ActiveRecord: 2.6ms | Allocations: 5395)



NoMethodError - undefined method `email' for nil:NilClass
            @virtual_path = "users/show";;@output_buffer.safe_append='<h2>Welcome '.freeze;@output_buffer.append=( @user.email );@output_buffer.safe_append='</h2>
                                                                                                                        ^^^^^^:
  app/views/users/show.html.erb:1
  app/controllers/users_controller.rb:18:in `show'

Started POST "/__better_errors/31b700553be01f94/variables" for ::1 at 2022-11-15 15:17:12 -0800
Started GET "/users/new" for ::1 at 2022-11-15 15:17:19 -0800
Processing by UsersController#new as HTML
  Rendering layout layouts/application.html.erb
  Rendering users/new.html.erb within layouts/application
  Rendered users/new.html.erb within layouts/application (Duration: 1.9ms | Allocations: 169)
  Rendered layout layouts/application.html.erb (Duration: 18.2ms | Allocations: 1692)
Completed 200 OK in 40ms (Views: 20.5ms | ActiveRecord: 8.9ms | Allocations: 3410)


Started POST "/users/users_url" for ::1 at 2022-11-15 15:17:24 -0800
  
ActionController::RoutingError (No route matches [POST] "/users/users_url"):
  
Started GET "/users/new" for ::1 at 2022-11-15 15:18:34 -0800
Processing by UsersController#new as HTML
  Rendering layout layouts/application.html.erb
  Rendering users/new.html.erb within layouts/application
  Rendered users/new.html.erb within layouts/application (Duration: 0.1ms | Allocations: 15)
  Rendered layout layouts/application.html.erb (Duration: 2.6ms | Allocations: 1387)
Completed 200 OK in 14ms (Views: 4.3ms | ActiveRecord: 3.3ms | Allocations: 4709)


Started POST "/users/users_url" for ::1 at 2022-11-15 15:18:38 -0800
  
ActionController::RoutingError (No route matches [POST] "/users/users_url"):
  
Started GET "/users/new" for ::1 at 2022-11-15 15:19:32 -0800
Processing by UsersController#new as HTML
  Rendering layout layouts/application.html.erb
  Rendering users/new.html.erb within layouts/application
  Rendered users/new.html.erb within layouts/application (Duration: 3.1ms | Allocations: 240)
  Rendered layout layouts/application.html.erb (Duration: 14.2ms | Allocations: 1768)
Completed 200 OK in 23ms (Views: 21.8ms | ActiveRecord: 0.0ms | Allocations: 2526)


Started POST "/users" for ::1 at 2022-11-15 15:19:37 -0800
Processing by UsersController#create as HTML
  Parameters: {"user"=>{"email"=>"darren", "password"=>"[FILTERED]"}}
Can't verify CSRF token authenticity.
Completed 422 Unprocessable Entity in 1ms (ActiveRecord: 0.0ms | Allocations: 707)



ActionController::InvalidAuthenticityToken - Can't verify CSRF token authenticity.:

Started POST "/__better_errors/14a6e0bd555b31fc/variables" for ::1 at 2022-11-15 15:19:37 -0800
